{"level":"info","message":"Server running on port 3000","timestamp":"2025-02-26T01:52:14.455Z"}
{"level":"info","message":"Server running on port 3000","timestamp":"2025-02-26T17:01:41.027Z"}
{"level":"info","message":"MongoDB connected successfully","timestamp":"2025-02-26T17:01:41.071Z"}
{"level":"info","message":"Server running on port 3000","timestamp":"2025-02-26T17:04:37.565Z"}
{"level":"info","message":"MongoDB connected successfully","timestamp":"2025-02-26T17:04:37.601Z"}
{"level":"info","message":"Server running on port 3000","timestamp":"2025-02-26T17:04:51.299Z"}
{"level":"info","message":"MongoDB connected successfully","timestamp":"2025-02-26T17:04:51.339Z"}
{"level":"info","message":"Server running on port 3000","timestamp":"2025-02-26T17:06:36.833Z"}
{"level":"info","message":"MongoDB connected successfully","timestamp":"2025-02-26T17:06:36.855Z"}
{"level":"info","message":"Server running on port 3000","timestamp":"2025-02-26T17:07:53.782Z"}
{"level":"info","message":"MongoDB connected successfully","timestamp":"2025-02-26T17:07:53.830Z"}
{"level":"info","message":"Server running on port 3000","timestamp":"2025-02-26T17:08:03.268Z"}
{"level":"info","message":"MongoDB connected successfully","timestamp":"2025-02-26T17:08:03.293Z"}
{"level":"info","message":"Server running on port 3000","timestamp":"2025-02-26T17:27:47.019Z"}
{"level":"info","message":"MongoDB connected successfully","timestamp":"2025-02-26T17:27:47.334Z"}
{"level":"info","message":"Server running on port 3000","timestamp":"2025-02-26T17:40:16.118Z"}
{"level":"info","message":"MongoDB connected successfully","timestamp":"2025-02-26T17:40:16.148Z"}
{"level":"info","message":"Server running on port 3000","timestamp":"2025-02-26T17:43:27.467Z"}
{"level":"info","message":"MongoDB connected successfully","timestamp":"2025-02-26T17:43:27.489Z"}
{"level":"info","message":"Server running on port 3000","timestamp":"2025-02-26T17:44:34.949Z"}
{"level":"info","message":"MongoDB connected successfully","timestamp":"2025-02-26T17:44:34.974Z"}
{"level":"info","message":"Server running on port 3000","timestamp":"2025-02-26T17:59:50.062Z"}
{"level":"info","message":"MongoDB connected successfully","timestamp":"2025-02-26T17:59:50.278Z"}
{"level":"info","message":"Server running on port 3000","timestamp":"2025-02-26T18:04:10.492Z"}
{"level":"info","message":"MongoDB connected successfully","timestamp":"2025-02-26T18:04:10.517Z"}
{"level":"info","message":"Server running on port 3000","timestamp":"2025-02-26T18:06:27.749Z"}
{"level":"info","message":"MongoDB connected successfully","timestamp":"2025-02-26T18:06:27.769Z"}
{"code":"LIMIT_UNEXPECTED_FILE","field":"file","level":"error","message":"Unhandled error: Unexpected field","name":"MulterError","stack":"MulterError: Unexpected field\n    at wrappedFileFilter (D:\\Spyne\\project\\root-server\\node_modules\\multer\\index.js:40:19)\n    at Multipart.<anonymous> (D:\\Spyne\\project\\root-server\\node_modules\\multer\\lib\\make-middleware.js:107:7)\n    at Multipart.emit (node:events:519:28)\n    at HeaderParser.cb (D:\\Spyne\\project\\root-server\\node_modules\\busboy\\lib\\types\\multipart.js:358:14)\n    at HeaderParser.push (D:\\Spyne\\project\\root-server\\node_modules\\busboy\\lib\\types\\multipart.js:162:20)\n    at SBMH.ssCb [as _cb] (D:\\Spyne\\project\\root-server\\node_modules\\busboy\\lib\\types\\multipart.js:394:37)\n    at feed (D:\\Spyne\\project\\root-server\\node_modules\\streamsearch\\lib\\sbmh.js:219:14)\n    at SBMH.push (D:\\Spyne\\project\\root-server\\node_modules\\streamsearch\\lib\\sbmh.js:104:16)\n    at Multipart._write (D:\\Spyne\\project\\root-server\\node_modules\\busboy\\lib\\types\\multipart.js:567:19)\n    at writeOrBuffer (node:internal/streams/writable:564:12)","storageErrors":[],"timestamp":"2025-02-26T18:06:35.776Z"}
{"level":"info","message":"Server running on port 3000","timestamp":"2025-02-26T18:09:31.747Z"}
{"level":"info","message":"MongoDB connected successfully","timestamp":"2025-02-26T18:09:31.767Z"}
{"level":"info","message":"Server running on port 3000","timestamp":"2025-02-26T18:15:19.873Z"}
{"level":"info","message":"MongoDB connected successfully","timestamp":"2025-02-26T18:15:19.933Z"}
{"level":"info","message":"Server running on port 3000","timestamp":"2025-02-26T18:15:28.262Z"}
{"level":"info","message":"MongoDB connected successfully","timestamp":"2025-02-26T18:15:28.283Z"}
{"level":"info","message":"Server running on port 3000","timestamp":"2025-02-26T18:15:39.897Z"}
{"level":"info","message":"MongoDB connected successfully","timestamp":"2025-02-26T18:15:39.935Z"}
{"level":"info","message":"Server running on port 3000","timestamp":"2025-02-26T18:16:21.298Z"}
{"level":"info","message":"MongoDB connected successfully","timestamp":"2025-02-26T18:16:22.566Z"}
{"level":"info","message":"Server running on port 3000","timestamp":"2025-02-26T18:17:11.014Z"}
{"level":"info","message":"MongoDB connected successfully","timestamp":"2025-02-26T18:17:11.036Z"}
{"level":"info","message":"Server running on port 3000","timestamp":"2025-02-26T18:25:03.715Z"}
{"level":"info","message":"MongoDB connected successfully","timestamp":"2025-02-26T18:25:03.744Z"}
{"level":"info","message":"Server running on port 3000","timestamp":"2025-02-26T18:31:17.499Z"}
{"level":"info","message":"MongoDB connected successfully","timestamp":"2025-02-26T18:31:17.593Z"}
{"level":"error","message":"Error processing CSV: Invalid CSV headers","stack":"Error: Invalid CSV headers\n    at Object.processCSV (D:\\Spyne\\project\\root-server\\services\\imageService.js:42:13)\n    at process.processTicksAndRejections (node:internal/process/task_queues:95:5)\n    at async uploadCSV (D:\\Spyne\\project\\root-server\\controllers\\imageController.js:10:20)","timestamp":"2025-02-26T18:31:26.512Z"}
{"level":"error","message":"Error in upload controller: Invalid CSV headers","stack":"Error: Invalid CSV headers\n    at Object.processCSV (D:\\Spyne\\project\\root-server\\services\\imageService.js:42:13)\n    at process.processTicksAndRejections (node:internal/process/task_queues:95:5)\n    at async uploadCSV (D:\\Spyne\\project\\root-server\\controllers\\imageController.js:10:20)","timestamp":"2025-02-26T18:31:26.519Z"}
{"level":"info","message":"Server running on port 3000","timestamp":"2025-02-26T18:33:13.499Z"}
{"level":"info","message":"MongoDB connected successfully","timestamp":"2025-02-26T18:33:13.545Z"}
{"level":"info","message":"Server running on port 3000","timestamp":"2025-02-26T18:35:36.548Z"}
{"level":"info","message":"MongoDB connected successfully","timestamp":"2025-02-26T18:35:36.585Z"}
{"level":"error","message":"Error processing CSV: Invalid CSV headers","stack":"Error: Invalid CSV headers\n    at Object.processCSV (D:\\Spyne\\project\\root-server\\services\\imageService.js:35:13)\n    at process.processTicksAndRejections (node:internal/process/task_queues:95:5)\n    at async uploadCSV (D:\\Spyne\\project\\root-server\\controllers\\imageController.js:10:20)","timestamp":"2025-02-26T18:35:46.334Z"}
{"level":"info","message":"Server running on port 3000","timestamp":"2025-02-26T18:36:30.998Z"}
{"level":"info","message":"MongoDB connected successfully","timestamp":"2025-02-26T18:36:31.027Z"}
{"level":"info","message":"Server running on port 3000","timestamp":"2025-02-26T18:42:29.735Z"}
{"level":"info","message":"MongoDB connected successfully","timestamp":"2025-02-26T18:42:29.765Z"}
{"level":"info","message":"Server running on port 3000","timestamp":"2025-02-26T18:42:37.630Z"}
{"level":"info","message":"MongoDB connected successfully","timestamp":"2025-02-26T18:42:37.660Z"}
{"level":"info","message":"Server running on port 3000","timestamp":"2025-02-26T18:42:44.557Z"}
{"level":"info","message":"MongoDB connected successfully","timestamp":"2025-02-26T18:42:44.592Z"}
{"level":"info","message":"Server running on port 3000","timestamp":"2025-02-26T20:04:51.746Z"}
{"level":"info","message":"MongoDB connected successfully","timestamp":"2025-02-26T20:04:52.062Z"}
{"level":"info","message":"Server running on port 3000","timestamp":"2025-02-26T20:05:07.795Z"}
{"level":"info","message":"MongoDB connected successfully","timestamp":"2025-02-26T20:05:07.882Z"}
{"level":"error","message":"Unhandled error: this.client.send is not a function","stack":"TypeError: this.client.send is not a function\n    at _Upload.__uploadUsingPut (D:\\Spyne\\project\\root-server\\node_modules\\@aws-sdk\\lib-storage\\dist-cjs\\index.js:260:53)\n    at _Upload.__doConcurrentUpload (D:\\Spyne\\project\\root-server\\node_modules\\@aws-sdk\\lib-storage\\dist-cjs\\index.js:334:27)\n    at process.processTicksAndRejections (node:internal/process/task_queues:95:5)\n    at async Promise.all (index 0)\n    at async _Upload.__doMultipartUpload (D:\\Spyne\\project\\root-server\\node_modules\\@aws-sdk\\lib-storage\\dist-cjs\\index.js:419:5)\n    at async _Upload.done (D:\\Spyne\\project\\root-server\\node_modules\\@aws-sdk\\lib-storage\\dist-cjs\\index.js:234:12)","storageErrors":[],"timestamp":"2025-02-26T20:05:27.365Z"}
{"level":"info","message":"Server running on port 3000","timestamp":"2025-02-26T20:06:59.790Z"}
{"level":"info","message":"MongoDB connected successfully","timestamp":"2025-02-26T20:06:59.865Z"}
{"level":"info","message":"Server running on port 3000","timestamp":"2025-02-26T20:08:24.961Z"}
{"level":"info","message":"MongoDB connected successfully","timestamp":"2025-02-26T20:08:25.006Z"}
{"level":"info","message":"Server running on port 3000","timestamp":"2025-02-26T20:08:43.699Z"}
{"level":"info","message":"MongoDB connected successfully","timestamp":"2025-02-26T20:08:43.746Z"}
{"level":"info","message":"Server running on port 3000","timestamp":"2025-02-26T20:09:18.022Z"}
{"level":"info","message":"MongoDB connected successfully","timestamp":"2025-02-26T20:09:18.071Z"}
{"level":"error","message":"Unhandled error: this.client.send is not a function","stack":"TypeError: this.client.send is not a function\n    at _Upload.__uploadUsingPut (D:\\Spyne\\project\\root-server\\node_modules\\@aws-sdk\\lib-storage\\dist-cjs\\index.js:260:53)\n    at _Upload.__doConcurrentUpload (D:\\Spyne\\project\\root-server\\node_modules\\@aws-sdk\\lib-storage\\dist-cjs\\index.js:334:27)\n    at process.processTicksAndRejections (node:internal/process/task_queues:95:5)\n    at async Promise.all (index 0)\n    at async _Upload.__doMultipartUpload (D:\\Spyne\\project\\root-server\\node_modules\\@aws-sdk\\lib-storage\\dist-cjs\\index.js:419:5)\n    at async _Upload.done (D:\\Spyne\\project\\root-server\\node_modules\\@aws-sdk\\lib-storage\\dist-cjs\\index.js:234:12)","storageErrors":[],"timestamp":"2025-02-26T20:09:57.714Z"}
{"level":"info","message":"Server running on port 3000","timestamp":"2025-02-26T20:12:01.626Z"}
{"level":"info","message":"MongoDB connected successfully","timestamp":"2025-02-26T20:12:01.715Z"}
{"level":"info","message":"Server running on port 3000","timestamp":"2025-02-26T20:12:13.068Z"}
{"level":"info","message":"MongoDB connected successfully","timestamp":"2025-02-26T20:12:13.132Z"}
{"level":"info","message":"Server running on port 3000","timestamp":"2025-02-26T20:12:53.223Z"}
{"level":"info","message":"MongoDB connected successfully","timestamp":"2025-02-26T20:12:53.307Z"}
{"level":"info","message":"Server running on port 3000","timestamp":"2025-02-26T20:13:00.510Z"}
{"level":"info","message":"MongoDB connected successfully","timestamp":"2025-02-26T20:13:00.560Z"}
{"level":"info","message":"Server running on port 3000","timestamp":"2025-02-26T20:14:49.037Z"}
{"level":"info","message":"MongoDB connected successfully","timestamp":"2025-02-26T20:14:49.188Z"}
{"level":"info","message":"Server running on port 3000","timestamp":"2025-02-26T20:15:00.528Z"}
{"level":"info","message":"MongoDB connected successfully","timestamp":"2025-02-26T20:15:00.576Z"}
{"level":"info","message":"Server running on port 3000","timestamp":"2025-02-26T20:15:47.879Z"}
{"level":"info","message":"MongoDB connected successfully","timestamp":"2025-02-26T20:15:47.935Z"}
